<?xml version="1.0" encoding="UTF-8"?>
<testng-results skipped="0" failed="0" ignored="0" total="1" passed="1">
  <reporter-output>
  </reporter-output>
  <suite name="Default suite" duration-ms="20224" started-at="2020-08-22T12:59:47 IST" finished-at="2020-08-22T13:00:07 IST">
    <groups>
    </groups>
    <test name="Default test" duration-ms="20224" started-at="2020-08-22T12:59:47 IST" finished-at="2020-08-22T13:00:07 IST">
      <class name="test.scanario.RendomData">
        <test-method status="PASS" signature="setUP()[pri:0, instance:test.scanario.RendomData@192d3247]" name="setUP" is-config="true" duration-ms="14066" started-at="2020-08-22T12:59:47 IST" finished-at="2020-08-22T13:00:01 IST">
          <reporter-output>
          </reporter-output>
        </test-method> <!-- setUP -->
        <test-method status="PASS" signature="registeruser()[pri:0, instance:test.scanario.RendomData@192d3247]" name="registeruser" duration-ms="4666" started-at="2020-08-22T13:00:01 IST" finished-at="2020-08-22T13:00:05 IST">
          <reporter-output>
          </reporter-output>
        </test-method> <!-- registeruser -->
        <test-method status="PASS" signature="tearDown()[pri:0, instance:test.scanario.RendomData@192d3247]" name="tearDown" is-config="true" duration-ms="1447" started-at="2020-08-22T13:00:05 IST" finished-at="2020-08-22T13:00:07 IST">
          <reporter-output>
          </reporter-output>
        </test-method> <!-- tearDown -->
      </class> <!-- test.scanario.RendomData -->
    </test> <!-- Default test -->
  </suite> <!-- Default suite -->
</testng-results>
